<?xml version="1.0" encoding="UTF-8"?>
<coverage generated="1633233506709" clover="3.2.0">
  <project timestamp="1633233506709" name="All files">
    <metrics statements="7" coveredstatements="7" conditionals="2" coveredconditionals="2" methods="2" coveredmethods="2" elements="11" coveredelements="11" complexity="0" loc="7" ncloc="7" packages="1" files="1" classes="1"/>
    <file name="Functions.js" path="D:\CARITO ---Trabajos\4 Ingenieria de Software\Tareas\Tarea - Totalizador with TDD\TotalizadorVentas\src\Functions.js">
      <metrics statements="7" coveredstatements="7" conditionals="2" coveredconditionals="2" methods="2" coveredmethods="2"/>
      <line num="2" count="8" type="stmt"/>
      <line num="3" count="8" type="stmt"/>
      <line num="4" count="8" type="cond" truecount="2" falsecount="0"/>
      <line num="5" count="1" type="stmt"/>
      <line num="7" count="8" type="stmt"/>
      <line num="11" count="8" type="stmt"/>
      <line num="12" count="8" type="stmt"/>
    </file>
  </project>
</coverage>
