<?xml version="1.0" encoding="UTF-8"?>
<coverage generated="1633232895934" clover="3.2.0">
  <project timestamp="1633232895934" name="All files">
    <metrics statements="4" coveredstatements="4" conditionals="0" coveredconditionals="0" methods="2" coveredmethods="2" elements="6" coveredelements="6" complexity="0" loc="4" ncloc="4" packages="1" files="1" classes="1"/>
    <file name="Functions.js" path="D:\CARITO ---Trabajos\4 Ingenieria de Software\Tareas\Tarea - Totalizador with TDD\TotalizadorVentas\src\Functions.js">
      <metrics statements="4" coveredstatements="4" conditionals="0" coveredconditionals="0" methods="2" coveredmethods="2"/>
      <line num="2" count="7" type="stmt"/>
      <line num="3" count="7" type="stmt"/>
      <line num="7" count="7" type="stmt"/>
      <line num="8" count="7" type="stmt"/>
    </file>
  </project>
</coverage>
