{"D:\\CARITO ---Trabajos\\4 Ingenieria de Software\\Tareas\\Tarea - Totalizador with TDD\\TotalizadorVentas\\src\\Functions.js": {"path":"D:\\CARITO ---Trabajos\\4 Ingenieria de Software\\Tareas\\Tarea - Totalizador with TDD\\TotalizadorVentas\\src\\Functions.js","statementMap":{"0":{"start":{"line":2,"column":19},"end":{"line":2,"column":35}},"1":{"start":{"line":3,"column":4},"end":{"line":3,"column":52}},"2":{"start":{"line":7,"column":16},"end":{"line":7,"column":80}},"3":{"start":{"line":8,"column":4},"end":{"line":8,"column":24}}},"fnMap":{"0":{"name":"calculateTotal","decl":{"start":{"line":1,"column":16},"end":{"line":1,"column":30}},"loc":{"start":{"line":1,"column":52},"end":{"line":4,"column":1}},"line":1},"1":{"name":"taxState","decl":{"start":{"line":6,"column":9},"end":{"line":6,"column":17}},"loc":{"start":{"line":6,"column":24},"end":{"line":9,"column":1}},"line":6}},"branchMap":{},"s":{"0":7,"1":7,"2":7,"3":7},"f":{"0":7,"1":7},"b":{},"_coverageSchema":"1a1c01bbd47fc00a2c39e90264f33305004495a9","hash":"a4fc418f8041f8857ebf6b98bfc7b0c65c18b161"}
}
