{"D:\\CARITO ---Trabajos\\4 Ingenieria de Software\\Tareas\\Tarea - Totalizador with TDD\\TotalizadorVentas\\src\\Functions.js": {"path":"D:\\CARITO ---Trabajos\\4 Ingenieria de Software\\Tareas\\Tarea - Totalizador with TDD\\TotalizadorVentas\\src\\Functions.js","statementMap":{"0":{"start":{"line":9,"column":19},"end":{"line":9,"column":35}},"1":{"start":{"line":10,"column":4},"end":{"line":13,"column":5}},"2":{"start":{"line":11,"column":21},"end":{"line":11,"column":27}},"3":{"start":{"line":12,"column":8},"end":{"line":12,"column":46}},"4":{"start":{"line":14,"column":4},"end":{"line":14,"column":21}}},"fnMap":{"0":{"name":"calculateTotal","decl":{"start":{"line":8,"column":16},"end":{"line":8,"column":30}},"loc":{"start":{"line":8,"column":52},"end":{"line":15,"column":1}},"line":8}},"branchMap":{"0":{"loc":{"start":{"line":10,"column":4},"end":{"line":13,"column":5}},"type":"if","locations":[{"start":{"line":10,"column":4},"end":{"line":13,"column":5}},{"start":{"line":10,"column":4},"end":{"line":13,"column":5}}],"line":10}},"s":{"0":4,"1":4,"2":2,"3":2,"4":2},"f":{"0":4},"b":{"0":[2,2]},"_coverageSchema":"1a1c01bbd47fc00a2c39e90264f33305004495a9","hash":"d63144b7c4c90c2d6c5a053b9718fb1a6779f6bb"}
}
