TN:
SF:src\Functions.js
FN:1,calculateTotal
FN:13,taxState
FN:18,calc_discount
FNF:3
FNH:3
FNDA:12,calculateTotal
FNDA:12,taxState
FNDA:12,calc_discount
DA:2,12
DA:3,12
DA:4,12
DA:5,5
DA:7,12
DA:8,4
DA:10,12
DA:14,12
DA:15,12
DA:20,12
DA:22,7
DA:23,7
DA:25,1
DA:26,1
DA:28,1
DA:29,1
DA:31,1
DA:32,1
DA:34,1
DA:35,1
DA:37,1
DA:38,1
DA:40,12
LF:23
LH:23
BRDA:4,0,0,5
BRDA:4,0,1,7
BRDA:7,1,0,4
BRDA:7,1,1,8
BRDA:20,2,0,7
BRDA:20,2,1,1
BRDA:20,2,2,1
BRDA:20,2,3,1
BRDA:20,2,4,1
BRDA:20,2,5,1
BRDA:21,3,0,12
BRDA:21,3,1,7
BRDA:24,4,0,5
BRDA:24,4,1,1
BRDA:27,5,0,4
BRDA:27,5,1,1
BRDA:30,6,0,3
BRDA:30,6,1,1
BRDA:33,7,0,2
BRDA:33,7,1,1
BRDA:36,8,0,1
BRDA:36,8,1,1
BRF:22
BRH:22
end_of_record
